DEBUG 2020-02-26 00:54:33.090 UTC: 	 Running on: Linux login01.hep.wisc.edu 4.4.205-1.el7.elrepo.x86_64 #1 SMP Fri Nov 29 10:10:01 EST 2019 x86_64 x86_64 x86_64 GNU/Linux - CentOS Linux 7 (Core)
DEBUG 2020-02-26 00:54:33.108 UTC: 	 OpenSSl version: OpenSSL 1.0.2k-fips  26 Jan 2017 (Library: OpenSSL 1.0.2d-fips 9 Jul 2015)
DEBUG 2020-02-26 00:54:33.108 UTC: 	 Executing command: 'status'
DEBUG 2020-02-26 00:54:33.129 UTC: 	 Found CRAB cache file /afs/hep.wisc.edu/home/vshang/.crab3
ERROR 2020-02-26 00:54:33.130 UTC: 	 Error: keepanddrop/crab_ttbarPlusJets_sample0/ is not a valid CRAB project directory.
ERROR 2020-02-26 00:54:33.131 UTC: 	 Caught exception
Traceback (most recent call last):
  File "/cvmfs/cms.cern.ch/crab3/slc6_amd64_gcc493/cms/crabclient/3.3.2001/bin/crab", line 160, in <module>
    client()
  File "/cvmfs/cms.cern.ch/crab3/slc6_amd64_gcc493/cms/crabclient/3.3.2001/bin/crab", line 145, in __call__
    self.cmd = sub_cmd(self.logger, args[1:])
  File "/cvmfs/cms.cern.ch/crab3/slc6_amd64_gcc493/cms/crabclient/3.3.2001/lib/python2.7/site-packages/CRABClient/Commands/status.py", line 40, in __init__
    SubCommand.__init__(self, logger, cmdargs)
  File "/cvmfs/cms.cern.ch/crab3/slc6_amd64_gcc493/cms/crabclient/3.3.2001/lib/python2.7/site-packages/CRABClient/Commands/SubCommand.py", line 277, in __init__
    SubCommand.validateOptions(self)
  File "/cvmfs/cms.cern.ch/crab3/slc6_amd64_gcc493/cms/crabclient/3.3.2001/lib/python2.7/site-packages/CRABClient/Commands/SubCommand.py", line 595, in validateOptions
    raise ConfigurationException(msg)
ConfigurationException: [91mError[0m: keepanddrop/crab_ttbarPlusJets_sample0/ is not a valid CRAB project directory.
